<?xml version="1.0" encoding="UTF-8"?>
<!-- Generated by org.testng.reporters.JUnitReportReporter -->
<testsuite hostname="Rakshitha" failures="0" tests="1" name="basic.TestNG" time="0.017" errors="0" timestamp="2024-12-08T07:42:36 IST" skipped="0">
  <testcase classname="basic.TestNG" name="pageTittleValidation" time="0.017"/>
  <system-out/>
</testsuite> <!-- basic.TestNG -->
